[debug] [2017-08-29T12:53:11.833Z] ----------------------------------------------------------------------
[debug] [2017-08-29T12:53:11.833Z] Command:       C:\Program Files\nodejs\node.exe C:\Users\St.Nann\AppData\Roaming\npm\node_modules\firebase-tools\bin\firebase deploy
[debug] [2017-08-29T12:53:11.833Z] CLI Version:   3.9.2
[debug] [2017-08-29T12:53:11.833Z] Platform:      win32
[debug] [2017-08-29T12:53:11.833Z] Node Version:  v7.9.0
[debug] [2017-08-29T12:53:11.833Z] Time:          Tue Aug 29 2017 19:53:11 GMT+0700 (SE Asia Standard Time)
[debug] [2017-08-29T12:53:11.833Z] ----------------------------------------------------------------------
[debug] 
[debug] [2017-08-29T12:53:11.849Z] > command requires scopes: ["email","openid","https://www.googleapis.com/auth/cloudplatformprojects.readonly","https://www.googleapis.com/auth/firebase","https://www.googleapis.com/auth/cloud-platform"]
[debug] [2017-08-29T12:53:11.849Z] > authorizing via signed-in user
[debug] [2017-08-29T12:53:11.864Z] > refreshing access token with scopes: ["email","https://www.googleapis.com/auth/cloud-platform","https://www.googleapis.com/auth/cloudplatformprojects.readonly","https://www.googleapis.com/auth/firebase","openid"]
[debug] [2017-08-29T12:53:11.864Z] >>> HTTP REQUEST POST https://www.googleapis.com/oauth2/v3/token { refresh_token: '1/ulwd8AEqRAUSNg8kenOyzCicu_k10vzEi5phggTlQGMWbA0pPKrNJK-o44rqkgrI',
  client_id: '563584335869-fgrhgmd47bqnekij5i8b5pr03ho849e6.apps.googleusercontent.com',
  client_secret: 'j9iVZfS8kkCEFUPaAeJV0sAi',
  grant_type: 'refresh_token',
  scope: 'email https://www.googleapis.com/auth/cloud-platform https://www.googleapis.com/auth/cloudplatformprojects.readonly https://www.googleapis.com/auth/firebase openid' } 
 Tue Aug 29 2017 19:53:11 GMT+0700 (SE Asia Standard Time)
[debug] [2017-08-29T12:53:12.180Z] <<< HTTP RESPONSE 200
[debug] [2017-08-29T12:53:12.567Z] >>> HTTP REQUEST GET https://admin.firebase.com/v1/projects/my-portfolio-ef29f  
 Tue Aug 29 2017 19:53:12 GMT+0700 (SE Asia Standard Time)
[debug] [2017-08-29T12:53:13.792Z] <<< HTTP RESPONSE 200
[debug] [2017-08-29T12:53:13.807Z] >>> HTTP REQUEST GET https://admin.firebase.com/v1/database/my-portfolio-ef29f/tokens  
 Tue Aug 29 2017 19:53:13 GMT+0700 (SE Asia Standard Time)
[debug] [2017-08-29T12:53:14.928Z] <<< HTTP RESPONSE 200
[info] 
[info] === Deploying to 'my-portfolio-ef29f'...
[info] 
[info] i  deploying hosting
[info] i  hosting: preparing ./dist directory for upload...
[debug] [2017-08-29T12:53:24.480Z] >>> HTTP REQUEST PUT https://deploy.firebase.com/v1/hosting/my-portfolio-ef29f/uploads/-Ksi2O4zyXaOmBKBiQYx?fileCount=112&message=  
 Tue Aug 29 2017 19:53:24 GMT+0700 (SE Asia Standard Time)
